<?xml version="1.0" encoding="UTF-8"?>
<testsuite xmlns:xsi="http://www.w3.org/2001/XMLSchema-instance" xsi:noNamespaceSchemaLocation="https://maven.apache.org/surefire/maven-surefire-plugin/xsd/surefire-test-report.xsd" name="pq.jdev.b001.bookstore.BookstoreApplicationTests" time="13.976" tests="1" errors="0" skipped="0" failures="0">
  <properties>
    <property name="sun.desktop" value="windows"/>
    <property name="awt.toolkit" value="sun.awt.windows.WToolkit"/>
    <property name="java.specification.version" value="11"/>
    <property name="sun.cpu.isalist" value="amd64"/>
    <property name="sun.jnu.encoding" value="Cp1252"/>
    <property name="java.class.path" value="D:\My Lap\BookStore-master\target\test-classes;D:\My Lap\BookStore-master\target\classes;C:\Users\duyhi\.m2\repository\io\jsonwebtoken\jjwt\0.9.0\jjwt-0.9.0.jar;C:\Users\duyhi\.m2\repository\com\fasterxml\jackson\core\jackson-databind\2.9.8\jackson-databind-2.9.8.jar;C:\Users\duyhi\.m2\repository\com\fasterxml\jackson\datatype\jackson-datatype-jsr310\2.9.8\jackson-datatype-jsr310-2.9.8.jar;C:\Users\duyhi\.m2\repository\com\fasterxml\jackson\core\jackson-annotations\2.9.0\jackson-annotations-2.9.0.jar;C:\Users\duyhi\.m2\repository\com\fasterxml\jackson\core\jackson-core\2.9.8\jackson-core-2.9.8.jar;C:\Users\duyhi\.m2\repository\org\springframework\security\spring-security-config\5.2.0.M2\spring-security-config-5.2.0.M2.jar;C:\Users\duyhi\.m2\repository\org\springframework\security\spring-security-core\5.2.0.M2\spring-security-core-5.2.0.M2.jar;C:\Users\duyhi\.m2\repository\org\springframework\spring-expression\5.2.0.M2\spring-expression-5.2.0.M2.jar;C:\Users\duyhi\.m2\repository\org\springframework\spring-aop\5.2.0.M2\spring-aop-5.2.0.M2.jar;C:\Users\duyhi\.m2\repository\org\springframework\spring-beans\5.2.0.M2\spring-beans-5.2.0.M2.jar;C:\Users\duyhi\.m2\repository\org\springframework\spring-context\5.2.0.M2\spring-context-5.2.0.M2.jar;C:\Users\duyhi\.m2\repository\org\springframework\spring-core\5.2.0.M2\spring-core-5.2.0.M2.jar;C:\Users\duyhi\.m2\repository\org\springframework\spring-jcl\5.2.0.M2\spring-jcl-5.2.0.M2.jar;C:\Users\duyhi\.m2\repository\org\springframework\boot\spring-boot-starter-batch\2.2.0.M3\spring-boot-starter-batch-2.2.0.M3.jar;C:\Users\duyhi\.m2\repository\org\springframework\boot\spring-boot-starter\2.2.0.M3\spring-boot-starter-2.2.0.M3.jar;C:\Users\duyhi\.m2\repository\org\springframework\boot\spring-boot-starter-logging\2.2.0.M3\spring-boot-starter-logging-2.2.0.M3.jar;C:\Users\duyhi\.m2\repository\ch\qos\logback\logback-classic\1.2.3\logback-classic-1.2.3.jar;C:\Users\duyhi\.m2\repository\ch\qos\logback\logback-core\1.2.3\logback-core-1.2.3.jar;C:\Users\duyhi\.m2\repository\org\apache\logging\log4j\log4j-to-slf4j\2.11.2\log4j-to-slf4j-2.11.2.jar;C:\Users\duyhi\.m2\repository\org\apache\logging\log4j\log4j-api\2.11.2\log4j-api-2.11.2.jar;C:\Users\duyhi\.m2\repository\org\slf4j\jul-to-slf4j\1.7.26\jul-to-slf4j-1.7.26.jar;C:\Users\duyhi\.m2\repository\org\yaml\snakeyaml\1.24\snakeyaml-1.24.jar;C:\Users\duyhi\.m2\repository\org\springframework\boot\spring-boot-starter-jdbc\2.2.0.M3\spring-boot-starter-jdbc-2.2.0.M3.jar;C:\Users\duyhi\.m2\repository\com\zaxxer\HikariCP\3.3.1\HikariCP-3.3.1.jar;C:\Users\duyhi\.m2\repository\org\springframework\batch\spring-batch-core\4.2.0.M2\spring-batch-core-4.2.0.M2.jar;C:\Users\duyhi\.m2\repository\io\micrometer\micrometer-core\1.1.4\micrometer-core-1.1.4.jar;C:\Users\duyhi\.m2\repository\org\hdrhistogram\HdrHistogram\2.1.9\HdrHistogram-2.1.9.jar;C:\Users\duyhi\.m2\repository\org\latencyutils\LatencyUtils\2.0.3\LatencyUtils-2.0.3.jar;C:\Users\duyhi\.m2\repository\javax\batch\javax.batch-api\1.0\javax.batch-api-1.0.jar;C:\Users\duyhi\.m2\repository\org\codehaus\jettison\jettison\1.2\jettison-1.2.jar;C:\Users\duyhi\.m2\repository\org\springframework\batch\spring-batch-infrastructure\4.2.0.M2\spring-batch-infrastructure-4.2.0.M2.jar;C:\Users\duyhi\.m2\repository\org\springframework\retry\spring-retry\1.2.4.RELEASE\spring-retry-1.2.4.RELEASE.jar;C:\Users\duyhi\.m2\repository\org\springframework\spring-tx\5.2.0.M2\spring-tx-5.2.0.M2.jar;C:\Users\duyhi\.m2\repository\org\springframework\boot\spring-boot-starter-test\2.2.0.M3\spring-boot-starter-test-2.2.0.M3.jar;C:\Users\duyhi\.m2\repository\org\springframework\boot\spring-boot-test\2.2.0.M3\spring-boot-test-2.2.0.M3.jar;C:\Users\duyhi\.m2\repository\org\springframework\boot\spring-boot-test-autoconfigure\2.2.0.M3\spring-boot-test-autoconfigure-2.2.0.M3.jar;C:\Users\duyhi\.m2\repository\com\jayway\jsonpath\json-path\2.4.0\json-path-2.4.0.jar;C:\Users\duyhi\.m2\repository\net\minidev\json-smart\2.3\json-smart-2.3.jar;C:\Users\duyhi\.m2\repository\net\minidev\accessors-smart\1.2\accessors-smart-1.2.jar;C:\Users\duyhi\.m2\repository\org\ow2\asm\asm\5.0.4\asm-5.0.4.jar;C:\Users\duyhi\.m2\repository\jakarta\xml\bind\jakarta.xml.bind-api\2.3.2\jakarta.xml.bind-api-2.3.2.jar;C:\Users\duyhi\.m2\repository\org\junit\jupiter\junit-jupiter\5.4.2\junit-jupiter-5.4.2.jar;C:\Users\duyhi\.m2\repository\org\junit\jupiter\junit-jupiter-api\5.4.2\junit-jupiter-api-5.4.2.jar;C:\Users\duyhi\.m2\repository\org\apiguardian\apiguardian-api\1.0.0\apiguardian-api-1.0.0.jar;C:\Users\duyhi\.m2\repository\org\opentest4j\opentest4j\1.1.1\opentest4j-1.1.1.jar;C:\Users\duyhi\.m2\repository\org\junit\platform\junit-platform-commons\1.4.2\junit-platform-commons-1.4.2.jar;C:\Users\duyhi\.m2\repository\org\junit\jupiter\junit-jupiter-params\5.4.2\junit-jupiter-params-5.4.2.jar;C:\Users\duyhi\.m2\repository\org\junit\jupiter\junit-jupiter-engine\5.4.2\junit-jupiter-engine-5.4.2.jar;C:\Users\duyhi\.m2\repository\org\junit\platform\junit-platform-engine\1.4.2\junit-platform-engine-1.4.2.jar;C:\Users\duyhi\.m2\repository\org\mockito\mockito-junit-jupiter\2.27.0\mockito-junit-jupiter-2.27.0.jar;C:\Users\duyhi\.m2\repository\org\assertj\assertj-core\3.12.2\assertj-core-3.12.2.jar;C:\Users\duyhi\.m2\repository\org\hamcrest\hamcrest-core\1.3\hamcrest-core-1.3.jar;C:\Users\duyhi\.m2\repository\org\hamcrest\hamcrest-library\1.3\hamcrest-library-1.3.jar;C:\Users\duyhi\.m2\repository\org\mockito\mockito-core\2.27.0\mockito-core-2.27.0.jar;C:\Users\duyhi\.m2\repository\net\bytebuddy\byte-buddy\1.9.12\byte-buddy-1.9.12.jar;C:\Users\duyhi\.m2\repository\net\bytebuddy\byte-buddy-agent\1.9.12\byte-buddy-agent-1.9.12.jar;C:\Users\duyhi\.m2\repository\org\objenesis\objenesis\2.6\objenesis-2.6.jar;C:\Users\duyhi\.m2\repository\org\skyscreamer\jsonassert\1.5.0\jsonassert-1.5.0.jar;C:\Users\duyhi\.m2\repository\com\vaadin\external\google\android-json\0.0.20131108.vaadin1\android-json-0.0.20131108.vaadin1.jar;C:\Users\duyhi\.m2\repository\org\springframework\spring-test\5.2.0.M2\spring-test-5.2.0.M2.jar;C:\Users\duyhi\.m2\repository\org\xmlunit\xmlunit-core\2.6.2\xmlunit-core-2.6.2.jar;C:\Users\duyhi\.m2\repository\org\springframework\batch\spring-batch-test\4.2.0.M2\spring-batch-test-4.2.0.M2.jar;C:\Users\duyhi\.m2\repository\junit\junit\4.12\junit-4.12.jar;C:\Users\duyhi\.m2\repository\org\springframework\spring-jdbc\5.2.0.M2\spring-jdbc-5.2.0.M2.jar;C:\Users\duyhi\.m2\repository\org\springframework\boot\spring-boot-starter-data-jpa\2.2.0.M3\spring-boot-starter-data-jpa-2.2.0.M3.jar;C:\Users\duyhi\.m2\repository\org\springframework\boot\spring-boot-starter-aop\2.2.0.M3\spring-boot-starter-aop-2.2.0.M3.jar;C:\Users\duyhi\.m2\repository\org\aspectj\aspectjweaver\1.9.4\aspectjweaver-1.9.4.jar;C:\Users\duyhi\.m2\repository\jakarta\activation\jakarta.activation-api\1.2.1\jakarta.activation-api-1.2.1.jar;C:\Users\duyhi\.m2\repository\jakarta\persistence\jakarta.persistence-api\2.2.2\jakarta.persistence-api-2.2.2.jar;C:\Users\duyhi\.m2\repository\jakarta\transaction\jakarta.transaction-api\1.3.2\jakarta.transaction-api-1.3.2.jar;C:\Users\duyhi\.m2\repository\org\hibernate\hibernate-core\5.4.2.Final\hibernate-core-5.4.2.Final.jar;C:\Users\duyhi\.m2\repository\org\jboss\logging\jboss-logging\3.3.2.Final\jboss-logging-3.3.2.Final.jar;C:\Users\duyhi\.m2\repository\org\javassist\javassist\3.24.0-GA\javassist-3.24.0-GA.jar;C:\Users\duyhi\.m2\repository\antlr\antlr\2.7.7\antlr-2.7.7.jar;C:\Users\duyhi\.m2\repository\org\jboss\jandex\2.0.5.Final\jandex-2.0.5.Final.jar;C:\Users\duyhi\.m2\repository\com\fasterxml\classmate\1.5.0\classmate-1.5.0.jar;C:\Users\duyhi\.m2\repository\org\dom4j\dom4j\2.1.1\dom4j-2.1.1.jar;C:\Users\duyhi\.m2\repository\org\hibernate\common\hibernate-commons-annotations\5.1.0.Final\hibernate-commons-annotations-5.1.0.Final.jar;C:\Users\duyhi\.m2\repository\org\glassfish\jaxb\jaxb-runtime\2.3.2\jaxb-runtime-2.3.2.jar;C:\Users\duyhi\.m2\repository\org\glassfish\jaxb\txw2\2.3.2\txw2-2.3.2.jar;C:\Users\duyhi\.m2\repository\com\sun\istack\istack-commons-runtime\3.0.8\istack-commons-runtime-3.0.8.jar;C:\Users\duyhi\.m2\repository\com\sun\xml\fastinfoset\FastInfoset\1.2.16\FastInfoset-1.2.16.jar;C:\Users\duyhi\.m2\repository\org\springframework\data\spring-data-jpa\2.2.0.M4\spring-data-jpa-2.2.0.M4.jar;C:\Users\duyhi\.m2\repository\org\springframework\data\spring-data-commons\2.2.0.M4\spring-data-commons-2.2.0.M4.jar;C:\Users\duyhi\.m2\repository\org\springframework\spring-orm\5.2.0.M2\spring-orm-5.2.0.M2.jar;C:\Users\duyhi\.m2\repository\org\springframework\spring-aspects\5.2.0.M2\spring-aspects-5.2.0.M2.jar;C:\Users\duyhi\.m2\repository\org\springframework\boot\spring-boot-starter-security\2.2.0.M3\spring-boot-starter-security-2.2.0.M3.jar;C:\Users\duyhi\.m2\repository\org\springframework\security\spring-security-web\5.2.0.M2\spring-security-web-5.2.0.M2.jar;C:\Users\duyhi\.m2\repository\org\springframework\boot\spring-boot-starter-tomcat\2.2.0.M3\spring-boot-starter-tomcat-2.2.0.M3.jar;C:\Users\duyhi\.m2\repository\jakarta\annotation\jakarta.annotation-api\1.3.4\jakarta.annotation-api-1.3.4.jar;C:\Users\duyhi\.m2\repository\org\apache\tomcat\embed\tomcat-embed-core\9.0.19\tomcat-embed-core-9.0.19.jar;C:\Users\duyhi\.m2\repository\org\apache\tomcat\embed\tomcat-embed-el\9.0.19\tomcat-embed-el-9.0.19.jar;C:\Users\duyhi\.m2\repository\org\apache\tomcat\embed\tomcat-embed-websocket\9.0.19\tomcat-embed-websocket-9.0.19.jar;C:\Users\duyhi\.m2\repository\org\apache\tomcat\embed\tomcat-embed-jasper\9.0.19\tomcat-embed-jasper-9.0.19.jar;C:\Users\duyhi\.m2\repository\org\eclipse\jdt\ecj\3.16.0\ecj-3.16.0.jar;C:\Users\duyhi\.m2\repository\javax\servlet\jstl\1.2\jstl-1.2.jar;C:\Users\duyhi\.m2\repository\org\hsqldb\hsqldb\2.4.1\hsqldb-2.4.1.jar;C:\Users\duyhi\.m2\repository\org\springframework\boot\spring-boot-starter-thymeleaf\2.2.0.M3\spring-boot-starter-thymeleaf-2.2.0.M3.jar;C:\Users\duyhi\.m2\repository\org\thymeleaf\thymeleaf-spring5\3.0.11.RELEASE\thymeleaf-spring5-3.0.11.RELEASE.jar;C:\Users\duyhi\.m2\repository\org\thymeleaf\thymeleaf\3.0.11.RELEASE\thymeleaf-3.0.11.RELEASE.jar;C:\Users\duyhi\.m2\repository\org\attoparser\attoparser\2.0.5.RELEASE\attoparser-2.0.5.RELEASE.jar;C:\Users\duyhi\.m2\repository\org\unbescape\unbescape\1.1.6.RELEASE\unbescape-1.1.6.RELEASE.jar;C:\Users\duyhi\.m2\repository\org\thymeleaf\extras\thymeleaf-extras-java8time\3.0.4.RELEASE\thymeleaf-extras-java8time-3.0.4.RELEASE.jar;C:\Users\duyhi\.m2\repository\org\springframework\boot\spring-boot-starter-web\2.2.0.M3\spring-boot-starter-web-2.2.0.M3.jar;C:\Users\duyhi\.m2\repository\org\springframework\boot\spring-boot-starter-json\2.2.0.M3\spring-boot-starter-json-2.2.0.M3.jar;C:\Users\duyhi\.m2\repository\com\fasterxml\jackson\datatype\jackson-datatype-jdk8\2.9.8\jackson-datatype-jdk8-2.9.8.jar;C:\Users\duyhi\.m2\repository\com\fasterxml\jackson\module\jackson-module-parameter-names\2.9.8\jackson-module-parameter-names-2.9.8.jar;C:\Users\duyhi\.m2\repository\org\springframework\boot\spring-boot-starter-validation\2.2.0.M3\spring-boot-starter-validation-2.2.0.M3.jar;C:\Users\duyhi\.m2\repository\jakarta\validation\jakarta.validation-api\2.0.1\jakarta.validation-api-2.0.1.jar;C:\Users\duyhi\.m2\repository\org\hibernate\validator\hibernate-validator\6.0.16.Final\hibernate-validator-6.0.16.Final.jar;C:\Users\duyhi\.m2\repository\org\springframework\spring-web\5.2.0.M2\spring-web-5.2.0.M2.jar;C:\Users\duyhi\.m2\repository\org\springframework\spring-webmvc\5.2.0.M2\spring-webmvc-5.2.0.M2.jar;C:\Users\duyhi\.m2\repository\org\springframework\boot\spring-boot-devtools\2.2.0.M3\spring-boot-devtools-2.2.0.M3.jar;C:\Users\duyhi\.m2\repository\org\springframework\boot\spring-boot\2.2.0.M3\spring-boot-2.2.0.M3.jar;C:\Users\duyhi\.m2\repository\org\springframework\boot\spring-boot-autoconfigure\2.2.0.M3\spring-boot-autoconfigure-2.2.0.M3.jar;C:\Users\duyhi\.m2\repository\org\webjars\bootstrap\3.3.7\bootstrap-3.3.7.jar;C:\Users\duyhi\.m2\repository\org\webjars\jquery\3.2.1\jquery-3.2.1.jar;C:\Users\duyhi\.m2\repository\com\icegreen\greenmail\1.5.5\greenmail-1.5.5.jar;C:\Users\duyhi\.m2\repository\com\sun\mail\javax.mail\1.5.6\javax.mail-1.5.6.jar;C:\Users\duyhi\.m2\repository\org\slf4j\slf4j-api\1.7.26\slf4j-api-1.7.26.jar;C:\Users\duyhi\.m2\repository\mysql\mysql-connector-java\8.0.16\mysql-connector-java-8.0.16.jar;C:\Users\duyhi\.m2\repository\org\springframework\security\spring-security-test\5.2.0.M2\spring-security-test-5.2.0.M2.jar;C:\Users\duyhi\.m2\repository\commons-beanutils\commons-beanutils\1.9.3\commons-beanutils-1.9.3.jar;C:\Users\duyhi\.m2\repository\commons-logging\commons-logging\1.2\commons-logging-1.2.jar;C:\Users\duyhi\.m2\repository\commons-collections\commons-collections\3.2.2\commons-collections-3.2.2.jar;C:\Users\duyhi\.m2\repository\javax\mail\mail\1.4.7\mail-1.4.7.jar;C:\Users\duyhi\.m2\repository\javax\activation\activation\1.1\activation-1.1.jar;C:\Users\duyhi\.m2\repository\org\passay\passay\1.0\passay-1.0.jar;C:\Users\duyhi\.m2\repository\org\cryptacular\cryptacular\1.0\cryptacular-1.0.jar;C:\Users\duyhi\.m2\repository\org\bouncycastle\bcprov-jdk15on\1.50\bcprov-jdk15on-1.50.jar;C:\Users\duyhi\.m2\repository\org\springframework\boot\spring-boot-starter-mail\2.2.0.M3\spring-boot-starter-mail-2.2.0.M3.jar;C:\Users\duyhi\.m2\repository\org\springframework\spring-context-support\5.2.0.M2\spring-context-support-5.2.0.M2.jar;C:\Users\duyhi\.m2\repository\com\sun\mail\jakarta.mail\1.6.3\jakarta.mail-1.6.3.jar;C:\Users\duyhi\.m2\repository\com\sun\activation\jakarta.activation\1.2.1\jakarta.activation-1.2.1.jar;C:\Users\duyhi\.m2\repository\org\springframework\boot\spring-boot-starter-web-services\2.2.0.M3\spring-boot-starter-web-services-2.2.0.M3.jar;C:\Users\duyhi\.m2\repository\com\sun\xml\messaging\saaj\saaj-impl\1.5.1\saaj-impl-1.5.1.jar;C:\Users\duyhi\.m2\repository\jakarta\xml\soap\jakarta.xml.soap-api\1.4.1\jakarta.xml.soap-api-1.4.1.jar;C:\Users\duyhi\.m2\repository\org\jvnet\mimepull\mimepull\1.9.11\mimepull-1.9.11.jar;C:\Users\duyhi\.m2\repository\org\jvnet\staxex\stax-ex\1.8.1\stax-ex-1.8.1.jar;C:\Users\duyhi\.m2\repository\jakarta\xml\ws\jakarta.xml.ws-api\2.3.2\jakarta.xml.ws-api-2.3.2.jar;C:\Users\duyhi\.m2\repository\jakarta\jws\jakarta.jws-api\1.1.1\jakarta.jws-api-1.1.1.jar;C:\Users\duyhi\.m2\repository\org\springframework\spring-oxm\5.2.0.M2\spring-oxm-5.2.0.M2.jar;C:\Users\duyhi\.m2\repository\org\springframework\ws\spring-ws-core\3.0.7.RELEASE\spring-ws-core-3.0.7.RELEASE.jar;C:\Users\duyhi\.m2\repository\org\springframework\ws\spring-xml\3.0.7.RELEASE\spring-xml-3.0.7.RELEASE.jar;C:\Users\duyhi\.m2\repository\commons-io\commons-io\2.5\commons-io-2.5.jar;C:\Users\duyhi\.m2\repository\org\projectlombok\lombok\1.18.8\lombok-1.18.8.jar;"/>
    <property name="java.vm.vendor" value="Oracle Corporation"/>
    <property name="sun.arch.data.model" value="64"/>
    <property name="user.variant" value=""/>
    <property name="java.vendor.url" value="http://java.oracle.com/"/>
    <property name="user.timezone" value="Asia/Bangkok"/>
    <property name="user.country.format" value="VN"/>
    <property name="java.vm.specification.version" value="11"/>
    <property name="os.name" value="Windows 10"/>
    <property name="sun.java.launcher" value="SUN_STANDARD"/>
    <property name="user.country" value="US"/>
    <property name="sun.boot.library.path" value="C:\Program Files\Java\jdk-11.0.4\bin"/>
    <property name="sun.java.command" value="C:\Users\duyhi\AppData\Local\Temp\surefire3599681539255004914\surefirebooter12420492685215493001.jar C:\Users\duyhi\AppData\Local\Temp\surefire3599681539255004914 2020-05-11T20-47-22_497-jvmRun1 surefire2168317517347994921tmp surefire_06940937689245901468tmp"/>
    <property name="jdk.debug" value="release"/>
    <property name="surefire.test.class.path" value="D:\My Lap\BookStore-master\target\test-classes;D:\My Lap\BookStore-master\target\classes;C:\Users\duyhi\.m2\repository\io\jsonwebtoken\jjwt\0.9.0\jjwt-0.9.0.jar;C:\Users\duyhi\.m2\repository\com\fasterxml\jackson\core\jackson-databind\2.9.8\jackson-databind-2.9.8.jar;C:\Users\duyhi\.m2\repository\com\fasterxml\jackson\datatype\jackson-datatype-jsr310\2.9.8\jackson-datatype-jsr310-2.9.8.jar;C:\Users\duyhi\.m2\repository\com\fasterxml\jackson\core\jackson-annotations\2.9.0\jackson-annotations-2.9.0.jar;C:\Users\duyhi\.m2\repository\com\fasterxml\jackson\core\jackson-core\2.9.8\jackson-core-2.9.8.jar;C:\Users\duyhi\.m2\repository\org\springframework\security\spring-security-config\5.2.0.M2\spring-security-config-5.2.0.M2.jar;C:\Users\duyhi\.m2\repository\org\springframework\security\spring-security-core\5.2.0.M2\spring-security-core-5.2.0.M2.jar;C:\Users\duyhi\.m2\repository\org\springframework\spring-expression\5.2.0.M2\spring-expression-5.2.0.M2.jar;C:\Users\duyhi\.m2\repository\org\springframework\spring-aop\5.2.0.M2\spring-aop-5.2.0.M2.jar;C:\Users\duyhi\.m2\repository\org\springframework\spring-beans\5.2.0.M2\spring-beans-5.2.0.M2.jar;C:\Users\duyhi\.m2\repository\org\springframework\spring-context\5.2.0.M2\spring-context-5.2.0.M2.jar;C:\Users\duyhi\.m2\repository\org\springframework\spring-core\5.2.0.M2\spring-core-5.2.0.M2.jar;C:\Users\duyhi\.m2\repository\org\springframework\spring-jcl\5.2.0.M2\spring-jcl-5.2.0.M2.jar;C:\Users\duyhi\.m2\repository\org\springframework\boot\spring-boot-starter-batch\2.2.0.M3\spring-boot-starter-batch-2.2.0.M3.jar;C:\Users\duyhi\.m2\repository\org\springframework\boot\spring-boot-starter\2.2.0.M3\spring-boot-starter-2.2.0.M3.jar;C:\Users\duyhi\.m2\repository\org\springframework\boot\spring-boot-starter-logging\2.2.0.M3\spring-boot-starter-logging-2.2.0.M3.jar;C:\Users\duyhi\.m2\repository\ch\qos\logback\logback-classic\1.2.3\logback-classic-1.2.3.jar;C:\Users\duyhi\.m2\repository\ch\qos\logback\logback-core\1.2.3\logback-core-1.2.3.jar;C:\Users\duyhi\.m2\repository\org\apache\logging\log4j\log4j-to-slf4j\2.11.2\log4j-to-slf4j-2.11.2.jar;C:\Users\duyhi\.m2\repository\org\apache\logging\log4j\log4j-api\2.11.2\log4j-api-2.11.2.jar;C:\Users\duyhi\.m2\repository\org\slf4j\jul-to-slf4j\1.7.26\jul-to-slf4j-1.7.26.jar;C:\Users\duyhi\.m2\repository\org\yaml\snakeyaml\1.24\snakeyaml-1.24.jar;C:\Users\duyhi\.m2\repository\org\springframework\boot\spring-boot-starter-jdbc\2.2.0.M3\spring-boot-starter-jdbc-2.2.0.M3.jar;C:\Users\duyhi\.m2\repository\com\zaxxer\HikariCP\3.3.1\HikariCP-3.3.1.jar;C:\Users\duyhi\.m2\repository\org\springframework\batch\spring-batch-core\4.2.0.M2\spring-batch-core-4.2.0.M2.jar;C:\Users\duyhi\.m2\repository\io\micrometer\micrometer-core\1.1.4\micrometer-core-1.1.4.jar;C:\Users\duyhi\.m2\repository\org\hdrhistogram\HdrHistogram\2.1.9\HdrHistogram-2.1.9.jar;C:\Users\duyhi\.m2\repository\org\latencyutils\LatencyUtils\2.0.3\LatencyUtils-2.0.3.jar;C:\Users\duyhi\.m2\repository\javax\batch\javax.batch-api\1.0\javax.batch-api-1.0.jar;C:\Users\duyhi\.m2\repository\org\codehaus\jettison\jettison\1.2\jettison-1.2.jar;C:\Users\duyhi\.m2\repository\org\springframework\batch\spring-batch-infrastructure\4.2.0.M2\spring-batch-infrastructure-4.2.0.M2.jar;C:\Users\duyhi\.m2\repository\org\springframework\retry\spring-retry\1.2.4.RELEASE\spring-retry-1.2.4.RELEASE.jar;C:\Users\duyhi\.m2\repository\org\springframework\spring-tx\5.2.0.M2\spring-tx-5.2.0.M2.jar;C:\Users\duyhi\.m2\repository\org\springframework\boot\spring-boot-starter-test\2.2.0.M3\spring-boot-starter-test-2.2.0.M3.jar;C:\Users\duyhi\.m2\repository\org\springframework\boot\spring-boot-test\2.2.0.M3\spring-boot-test-2.2.0.M3.jar;C:\Users\duyhi\.m2\repository\org\springframework\boot\spring-boot-test-autoconfigure\2.2.0.M3\spring-boot-test-autoconfigure-2.2.0.M3.jar;C:\Users\duyhi\.m2\repository\com\jayway\jsonpath\json-path\2.4.0\json-path-2.4.0.jar;C:\Users\duyhi\.m2\repository\net\minidev\json-smart\2.3\json-smart-2.3.jar;C:\Users\duyhi\.m2\repository\net\minidev\accessors-smart\1.2\accessors-smart-1.2.jar;C:\Users\duyhi\.m2\repository\org\ow2\asm\asm\5.0.4\asm-5.0.4.jar;C:\Users\duyhi\.m2\repository\jakarta\xml\bind\jakarta.xml.bind-api\2.3.2\jakarta.xml.bind-api-2.3.2.jar;C:\Users\duyhi\.m2\repository\org\junit\jupiter\junit-jupiter\5.4.2\junit-jupiter-5.4.2.jar;C:\Users\duyhi\.m2\repository\org\junit\jupiter\junit-jupiter-api\5.4.2\junit-jupiter-api-5.4.2.jar;C:\Users\duyhi\.m2\repository\org\apiguardian\apiguardian-api\1.0.0\apiguardian-api-1.0.0.jar;C:\Users\duyhi\.m2\repository\org\opentest4j\opentest4j\1.1.1\opentest4j-1.1.1.jar;C:\Users\duyhi\.m2\repository\org\junit\platform\junit-platform-commons\1.4.2\junit-platform-commons-1.4.2.jar;C:\Users\duyhi\.m2\repository\org\junit\jupiter\junit-jupiter-params\5.4.2\junit-jupiter-params-5.4.2.jar;C:\Users\duyhi\.m2\repository\org\junit\jupiter\junit-jupiter-engine\5.4.2\junit-jupiter-engine-5.4.2.jar;C:\Users\duyhi\.m2\repository\org\junit\platform\junit-platform-engine\1.4.2\junit-platform-engine-1.4.2.jar;C:\Users\duyhi\.m2\repository\org\mockito\mockito-junit-jupiter\2.27.0\mockito-junit-jupiter-2.27.0.jar;C:\Users\duyhi\.m2\repository\org\assertj\assertj-core\3.12.2\assertj-core-3.12.2.jar;C:\Users\duyhi\.m2\repository\org\hamcrest\hamcrest-core\1.3\hamcrest-core-1.3.jar;C:\Users\duyhi\.m2\repository\org\hamcrest\hamcrest-library\1.3\hamcrest-library-1.3.jar;C:\Users\duyhi\.m2\repository\org\mockito\mockito-core\2.27.0\mockito-core-2.27.0.jar;C:\Users\duyhi\.m2\repository\net\bytebuddy\byte-buddy\1.9.12\byte-buddy-1.9.12.jar;C:\Users\duyhi\.m2\repository\net\bytebuddy\byte-buddy-agent\1.9.12\byte-buddy-agent-1.9.12.jar;C:\Users\duyhi\.m2\repository\org\objenesis\objenesis\2.6\objenesis-2.6.jar;C:\Users\duyhi\.m2\repository\org\skyscreamer\jsonassert\1.5.0\jsonassert-1.5.0.jar;C:\Users\duyhi\.m2\repository\com\vaadin\external\google\android-json\0.0.20131108.vaadin1\android-json-0.0.20131108.vaadin1.jar;C:\Users\duyhi\.m2\repository\org\springframework\spring-test\5.2.0.M2\spring-test-5.2.0.M2.jar;C:\Users\duyhi\.m2\repository\org\xmlunit\xmlunit-core\2.6.2\xmlunit-core-2.6.2.jar;C:\Users\duyhi\.m2\repository\org\springframework\batch\spring-batch-test\4.2.0.M2\spring-batch-test-4.2.0.M2.jar;C:\Users\duyhi\.m2\repository\junit\junit\4.12\junit-4.12.jar;C:\Users\duyhi\.m2\repository\org\springframework\spring-jdbc\5.2.0.M2\spring-jdbc-5.2.0.M2.jar;C:\Users\duyhi\.m2\repository\org\springframework\boot\spring-boot-starter-data-jpa\2.2.0.M3\spring-boot-starter-data-jpa-2.2.0.M3.jar;C:\Users\duyhi\.m2\repository\org\springframework\boot\spring-boot-starter-aop\2.2.0.M3\spring-boot-starter-aop-2.2.0.M3.jar;C:\Users\duyhi\.m2\repository\org\aspectj\aspectjweaver\1.9.4\aspectjweaver-1.9.4.jar;C:\Users\duyhi\.m2\repository\jakarta\activation\jakarta.activation-api\1.2.1\jakarta.activation-api-1.2.1.jar;C:\Users\duyhi\.m2\repository\jakarta\persistence\jakarta.persistence-api\2.2.2\jakarta.persistence-api-2.2.2.jar;C:\Users\duyhi\.m2\repository\jakarta\transaction\jakarta.transaction-api\1.3.2\jakarta.transaction-api-1.3.2.jar;C:\Users\duyhi\.m2\repository\org\hibernate\hibernate-core\5.4.2.Final\hibernate-core-5.4.2.Final.jar;C:\Users\duyhi\.m2\repository\org\jboss\logging\jboss-logging\3.3.2.Final\jboss-logging-3.3.2.Final.jar;C:\Users\duyhi\.m2\repository\org\javassist\javassist\3.24.0-GA\javassist-3.24.0-GA.jar;C:\Users\duyhi\.m2\repository\antlr\antlr\2.7.7\antlr-2.7.7.jar;C:\Users\duyhi\.m2\repository\org\jboss\jandex\2.0.5.Final\jandex-2.0.5.Final.jar;C:\Users\duyhi\.m2\repository\com\fasterxml\classmate\1.5.0\classmate-1.5.0.jar;C:\Users\duyhi\.m2\repository\org\dom4j\dom4j\2.1.1\dom4j-2.1.1.jar;C:\Users\duyhi\.m2\repository\org\hibernate\common\hibernate-commons-annotations\5.1.0.Final\hibernate-commons-annotations-5.1.0.Final.jar;C:\Users\duyhi\.m2\repository\org\glassfish\jaxb\jaxb-runtime\2.3.2\jaxb-runtime-2.3.2.jar;C:\Users\duyhi\.m2\repository\org\glassfish\jaxb\txw2\2.3.2\txw2-2.3.2.jar;C:\Users\duyhi\.m2\repository\com\sun\istack\istack-commons-runtime\3.0.8\istack-commons-runtime-3.0.8.jar;C:\Users\duyhi\.m2\repository\com\sun\xml\fastinfoset\FastInfoset\1.2.16\FastInfoset-1.2.16.jar;C:\Users\duyhi\.m2\repository\org\springframework\data\spring-data-jpa\2.2.0.M4\spring-data-jpa-2.2.0.M4.jar;C:\Users\duyhi\.m2\repository\org\springframework\data\spring-data-commons\2.2.0.M4\spring-data-commons-2.2.0.M4.jar;C:\Users\duyhi\.m2\repository\org\springframework\spring-orm\5.2.0.M2\spring-orm-5.2.0.M2.jar;C:\Users\duyhi\.m2\repository\org\springframework\spring-aspects\5.2.0.M2\spring-aspects-5.2.0.M2.jar;C:\Users\duyhi\.m2\repository\org\springframework\boot\spring-boot-starter-security\2.2.0.M3\spring-boot-starter-security-2.2.0.M3.jar;C:\Users\duyhi\.m2\repository\org\springframework\security\spring-security-web\5.2.0.M2\spring-security-web-5.2.0.M2.jar;C:\Users\duyhi\.m2\repository\org\springframework\boot\spring-boot-starter-tomcat\2.2.0.M3\spring-boot-starter-tomcat-2.2.0.M3.jar;C:\Users\duyhi\.m2\repository\jakarta\annotation\jakarta.annotation-api\1.3.4\jakarta.annotation-api-1.3.4.jar;C:\Users\duyhi\.m2\repository\org\apache\tomcat\embed\tomcat-embed-core\9.0.19\tomcat-embed-core-9.0.19.jar;C:\Users\duyhi\.m2\repository\org\apache\tomcat\embed\tomcat-embed-el\9.0.19\tomcat-embed-el-9.0.19.jar;C:\Users\duyhi\.m2\repository\org\apache\tomcat\embed\tomcat-embed-websocket\9.0.19\tomcat-embed-websocket-9.0.19.jar;C:\Users\duyhi\.m2\repository\org\apache\tomcat\embed\tomcat-embed-jasper\9.0.19\tomcat-embed-jasper-9.0.19.jar;C:\Users\duyhi\.m2\repository\org\eclipse\jdt\ecj\3.16.0\ecj-3.16.0.jar;C:\Users\duyhi\.m2\repository\javax\servlet\jstl\1.2\jstl-1.2.jar;C:\Users\duyhi\.m2\repository\org\hsqldb\hsqldb\2.4.1\hsqldb-2.4.1.jar;C:\Users\duyhi\.m2\repository\org\springframework\boot\spring-boot-starter-thymeleaf\2.2.0.M3\spring-boot-starter-thymeleaf-2.2.0.M3.jar;C:\Users\duyhi\.m2\repository\org\thymeleaf\thymeleaf-spring5\3.0.11.RELEASE\thymeleaf-spring5-3.0.11.RELEASE.jar;C:\Users\duyhi\.m2\repository\org\thymeleaf\thymeleaf\3.0.11.RELEASE\thymeleaf-3.0.11.RELEASE.jar;C:\Users\duyhi\.m2\repository\org\attoparser\attoparser\2.0.5.RELEASE\attoparser-2.0.5.RELEASE.jar;C:\Users\duyhi\.m2\repository\org\unbescape\unbescape\1.1.6.RELEASE\unbescape-1.1.6.RELEASE.jar;C:\Users\duyhi\.m2\repository\org\thymeleaf\extras\thymeleaf-extras-java8time\3.0.4.RELEASE\thymeleaf-extras-java8time-3.0.4.RELEASE.jar;C:\Users\duyhi\.m2\repository\org\springframework\boot\spring-boot-starter-web\2.2.0.M3\spring-boot-starter-web-2.2.0.M3.jar;C:\Users\duyhi\.m2\repository\org\springframework\boot\spring-boot-starter-json\2.2.0.M3\spring-boot-starter-json-2.2.0.M3.jar;C:\Users\duyhi\.m2\repository\com\fasterxml\jackson\datatype\jackson-datatype-jdk8\2.9.8\jackson-datatype-jdk8-2.9.8.jar;C:\Users\duyhi\.m2\repository\com\fasterxml\jackson\module\jackson-module-parameter-names\2.9.8\jackson-module-parameter-names-2.9.8.jar;C:\Users\duyhi\.m2\repository\org\springframework\boot\spring-boot-starter-validation\2.2.0.M3\spring-boot-starter-validation-2.2.0.M3.jar;C:\Users\duyhi\.m2\repository\jakarta\validation\jakarta.validation-api\2.0.1\jakarta.validation-api-2.0.1.jar;C:\Users\duyhi\.m2\repository\org\hibernate\validator\hibernate-validator\6.0.16.Final\hibernate-validator-6.0.16.Final.jar;C:\Users\duyhi\.m2\repository\org\springframework\spring-web\5.2.0.M2\spring-web-5.2.0.M2.jar;C:\Users\duyhi\.m2\repository\org\springframework\spring-webmvc\5.2.0.M2\spring-webmvc-5.2.0.M2.jar;C:\Users\duyhi\.m2\repository\org\springframework\boot\spring-boot-devtools\2.2.0.M3\spring-boot-devtools-2.2.0.M3.jar;C:\Users\duyhi\.m2\repository\org\springframework\boot\spring-boot\2.2.0.M3\spring-boot-2.2.0.M3.jar;C:\Users\duyhi\.m2\repository\org\springframework\boot\spring-boot-autoconfigure\2.2.0.M3\spring-boot-autoconfigure-2.2.0.M3.jar;C:\Users\duyhi\.m2\repository\org\webjars\bootstrap\3.3.7\bootstrap-3.3.7.jar;C:\Users\duyhi\.m2\repository\org\webjars\jquery\3.2.1\jquery-3.2.1.jar;C:\Users\duyhi\.m2\repository\com\icegreen\greenmail\1.5.5\greenmail-1.5.5.jar;C:\Users\duyhi\.m2\repository\com\sun\mail\javax.mail\1.5.6\javax.mail-1.5.6.jar;C:\Users\duyhi\.m2\repository\org\slf4j\slf4j-api\1.7.26\slf4j-api-1.7.26.jar;C:\Users\duyhi\.m2\repository\mysql\mysql-connector-java\8.0.16\mysql-connector-java-8.0.16.jar;C:\Users\duyhi\.m2\repository\org\springframework\security\spring-security-test\5.2.0.M2\spring-security-test-5.2.0.M2.jar;C:\Users\duyhi\.m2\repository\commons-beanutils\commons-beanutils\1.9.3\commons-beanutils-1.9.3.jar;C:\Users\duyhi\.m2\repository\commons-logging\commons-logging\1.2\commons-logging-1.2.jar;C:\Users\duyhi\.m2\repository\commons-collections\commons-collections\3.2.2\commons-collections-3.2.2.jar;C:\Users\duyhi\.m2\repository\javax\mail\mail\1.4.7\mail-1.4.7.jar;C:\Users\duyhi\.m2\repository\javax\activation\activation\1.1\activation-1.1.jar;C:\Users\duyhi\.m2\repository\org\passay\passay\1.0\passay-1.0.jar;C:\Users\duyhi\.m2\repository\org\cryptacular\cryptacular\1.0\cryptacular-1.0.jar;C:\Users\duyhi\.m2\repository\org\bouncycastle\bcprov-jdk15on\1.50\bcprov-jdk15on-1.50.jar;C:\Users\duyhi\.m2\repository\org\springframework\boot\spring-boot-starter-mail\2.2.0.M3\spring-boot-starter-mail-2.2.0.M3.jar;C:\Users\duyhi\.m2\repository\org\springframework\spring-context-support\5.2.0.M2\spring-context-support-5.2.0.M2.jar;C:\Users\duyhi\.m2\repository\com\sun\mail\jakarta.mail\1.6.3\jakarta.mail-1.6.3.jar;C:\Users\duyhi\.m2\repository\com\sun\activation\jakarta.activation\1.2.1\jakarta.activation-1.2.1.jar;C:\Users\duyhi\.m2\repository\org\springframework\boot\spring-boot-starter-web-services\2.2.0.M3\spring-boot-starter-web-services-2.2.0.M3.jar;C:\Users\duyhi\.m2\repository\com\sun\xml\messaging\saaj\saaj-impl\1.5.1\saaj-impl-1.5.1.jar;C:\Users\duyhi\.m2\repository\jakarta\xml\soap\jakarta.xml.soap-api\1.4.1\jakarta.xml.soap-api-1.4.1.jar;C:\Users\duyhi\.m2\repository\org\jvnet\mimepull\mimepull\1.9.11\mimepull-1.9.11.jar;C:\Users\duyhi\.m2\repository\org\jvnet\staxex\stax-ex\1.8.1\stax-ex-1.8.1.jar;C:\Users\duyhi\.m2\repository\jakarta\xml\ws\jakarta.xml.ws-api\2.3.2\jakarta.xml.ws-api-2.3.2.jar;C:\Users\duyhi\.m2\repository\jakarta\jws\jakarta.jws-api\1.1.1\jakarta.jws-api-1.1.1.jar;C:\Users\duyhi\.m2\repository\org\springframework\spring-oxm\5.2.0.M2\spring-oxm-5.2.0.M2.jar;C:\Users\duyhi\.m2\repository\org\springframework\ws\spring-ws-core\3.0.7.RELEASE\spring-ws-core-3.0.7.RELEASE.jar;C:\Users\duyhi\.m2\repository\org\springframework\ws\spring-xml\3.0.7.RELEASE\spring-xml-3.0.7.RELEASE.jar;C:\Users\duyhi\.m2\repository\commons-io\commons-io\2.5\commons-io-2.5.jar;C:\Users\duyhi\.m2\repository\org\projectlombok\lombok\1.18.8\lombok-1.18.8.jar;"/>
    <property name="sun.cpu.endian" value="little"/>
    <property name="user.home" value="C:\Users\duyhi"/>
    <property name="user.language" value="en"/>
    <property name="java.specification.vendor" value="Oracle Corporation"/>
    <property name="java.version.date" value="2019-07-16"/>
    <property name="java.home" value="C:\Program Files\Java\jdk-11.0.4"/>
    <property name="file.separator" value="\"/>
    <property name="style.color" value="always"/>
    <property name="basedir" value="D:\My Lap\BookStore-master"/>
    <property name="java.vm.compressedOopsMode" value="Zero based"/>
    <property name="line.separator" value="&#10;"/>
    <property name="java.specification.name" value="Java Platform API Specification"/>
    <property name="java.vm.specification.vendor" value="Oracle Corporation"/>
    <property name="java.awt.graphicsenv" value="sun.awt.Win32GraphicsEnvironment"/>
    <property name="surefire.real.class.path" value="C:\Users\duyhi\AppData\Local\Temp\surefire3599681539255004914\surefirebooter12420492685215493001.jar"/>
    <property name="user.script" value=""/>
    <property name="sun.management.compiler" value="HotSpot 64-Bit Tiered Compilers"/>
    <property name="java.runtime.version" value="11.0.4+10-LTS"/>
    <property name="user.name" value="duyhi"/>
    <property name="path.separator" value=";"/>
    <property name="os.version" value="10.0"/>
    <property name="java.runtime.name" value="Java(TM) SE Runtime Environment"/>
    <property name="file.encoding" value="Cp1252"/>
    <property name="java.vm.name" value="Java HotSpot(TM) 64-Bit Server VM"/>
    <property name="java.vendor.version" value="18.9"/>
    <property name="localRepository" value="C:\Users\duyhi\.m2\repository"/>
    <property name="java.vendor.url.bug" value="http://bugreport.java.com/bugreport/"/>
    <property name="java.io.tmpdir" value="C:\Users\duyhi\AppData\Local\Temp\"/>
    <property name="java.version" value="11.0.4"/>
    <property name="user.dir" value="D:\My Lap\BookStore-master"/>
    <property name="os.arch" value="amd64"/>
    <property name="java.vm.specification.name" value="Java Virtual Machine Specification"/>
    <property name="java.awt.printerjob" value="sun.awt.windows.WPrinterJob"/>
    <property name="user.language.format" value="vi"/>
    <property name="sun.os.patch.level" value=""/>
    <property name="java.library.path" value="C:\Program Files\Java\jdk-11.0.4\bin;C:\WINDOWS\Sun\Java\bin;C:\WINDOWS\system32;C:\WINDOWS;C:/Program Files/Java/jdk-11.0.4/bin/server;C:/Program Files/Java/jdk-11.0.4/bin;C:\Program Files\Microsoft MPI\Bin\;C:\Program Files\Java\jdk-11.0.4\bin;C:\Program Files (x86)\Common Files\Intel\Shared Libraries\redist\intel64\compiler;C:\WINDOWS\system32;C:\WINDOWS;C:\WINDOWS\System32\Wbem;C:\WINDOWS\System32\WindowsPowerShell\v1.0\;C:\WINDOWS\System32\OpenSSH\;C:\Program Files\Microsoft SQL Server\Client SDK\ODBC\110\Tools\Binn\;C:\Program Files\dotnet\;C:\Program Files\Microsoft SQL Server\Client SDK\ODBC\170\Tools\Binn\;C:\Users\duyhi\.jpm\windows\bin;D:\My Lap\apache-maven-3.6.1\bin;C:\Program Files\nodejs\;C:\Program Files\Git\cmd;C:\Program Files (x86)\Windows Kits\8.1\Windows Performance Toolkit\;C:\Program Files\Cloud Foundry;C:\Program Files (x86)\Microsoft SQL Server\150\Tools\Binn\;C:\Program Files\Microsoft SQL Server\150\Tools\Binn\;C:\Program Files (x86)\Microsoft SQL Server\150\DTS\Binn\;C:\Program Files\Microsoft SQL Server\150\DTS\Binn\;D:\Software\Heroku\bin;C:\Program Files\Microsoft MPI\Bin\;C:\Program Files\Java\jdk-11.0.4\bin;C:\Program Files (x86)\Common Files\Intel\Shared Libraries\redist\intel64\compiler;C:\WINDOWS\system32;C:\WINDOWS;C:\WINDOWS\System32\Wbem;C:\WINDOWS\System32\WindowsPowerShell\v1.0\;C:\WINDOWS\System32\OpenSSH\;C:\Program Files\Microsoft SQL Server\Client SDK\ODBC\110\Tools\Binn\;C:\Program Files\dotnet\;C:\Program Files\Microsoft SQL Server\Client SDK\ODBC\170\Tools\Binn\;C:\Users\duyhi\.jpm\windows\bin;D:\My Lap\apache-maven-3.6.1\bin;C:\Program Files\nodejs\;C:\Program Files\Git\cmd;C:\Program Files (x86)\Windows Kits\8.1\Windows Performance Toolkit\;C:\Program Files\Cloud Foundry;C:\Program Files (x86)\Microsoft SQL Server\150\Tools\Binn\;C:\Program Files\Microsoft SQL Server\150\Tools\Binn\;C:\Program Files (x86)\Microsoft SQL Server\150\DTS\Binn\;C:\Program Files\Microsoft SQL Server\150\DTS\Binn\;C:\Program Files\Microsoft MPI\Bin\;C:\Program Files\Java\jdk-11.0.4\bin;C:\Program Files (x86)\Common Files\Intel\Shared Libraries\red;C:\Users\duyhi\AppData\Local\Programs\Microsoft VS Code\bin;D:\Software\Spring Tool 4\sts-4.2.1.RELEASE;;."/>
    <property name="java.vendor" value="Oracle Corporation"/>
    <property name="java.vm.info" value="mixed mode"/>
    <property name="java.vm.version" value="11.0.4+10-LTS"/>
    <property name="sun.io.unicode.encoding" value="UnicodeLittle"/>
    <property name="java.class.version" value="55.0"/>
  </properties>
  <testcase name="contextLoads" classname="pq.jdev.b001.bookstore.BookstoreApplicationTests" time="0.194"/>
</testsuite>